<?xml version="1.0" ?>
<coverage version="7.2.5" timestamp="1683646920901" lines-valid="30" lines-covered="30" line-rate="1" branches-valid="0" branches-covered="0" branch-rate="1" complexity="0">
	<!-- Generated by coverage.py: https://coverage.readthedocs.io/en/7.2.5 -->
	<!-- Based on https://raw.githubusercontent.com/cobertura/web/master/htdocs/xml/coverage-04.dtd -->
	<sources>
		<source>C:\Users\ferna\Documents\Django-Projects\Proyecto\Prueba\KingCourier</source>
	</sources>
	<packages>
		<package name="KingCourier" line-rate="1" branch-rate="1" complexity="0">
			<classes>
				<class name="settings.py" filename="KingCourier/settings.py" complexity="0" line-rate="1" branch-rate="1">
					<methods/>
					<lines>
						<line number="13" hits="1"/>
						<line number="14" hits="1"/>
						<line number="15" hits="1"/>
						<line number="16" hits="1"/>
						<line number="19" hits="1"/>
						<line number="22" hits="1"/>
						<line number="29" hits="1"/>
						<line number="32" hits="1"/>
						<line number="34" hits="1"/>
						<line number="39" hits="1"/>
						<line number="52" hits="1"/>
						<line number="62" hits="1"/>
						<line number="64" hits="1"/>
						<line number="80" hits="1"/>
						<line number="86" hits="1"/>
						<line number="107" hits="1"/>
						<line number="126" hits="1"/>
						<line number="128" hits="1"/>
						<line number="130" hits="1"/>
						<line number="132" hits="1"/>
						<line number="134" hits="1"/>
						<line number="140" hits="1"/>
						<line number="141" hits="1"/>
						<line number="148" hits="1"/>
						<line number="152" hits="1"/>
						<line number="153" hits="1"/>
						<line number="154" hits="1"/>
						<line number="155" hits="1"/>
						<line number="160" hits="1"/>
						<line number="163" hits="1"/>
					</lines>
				</class>
			</classes>
		</package>
	</packages>
</coverage>
